#
# There is insufficient memory for the Java Runtime Environment to continue.
# Native memory allocation (malloc) failed to allocate 514464 bytes for Chunk::new
# Possible reasons:
#   The system is out of physical RAM or swap space
#   The process is running with CompressedOops enabled, and the Java Heap may be blocking the growth of the native heap
# Possible solutions:
#   Reduce memory load on the system
#   Increase physical memory or swap space
#   Check if swap backing store is full
#   Decrease Java heap size (-Xmx/-Xms)
#   Decrease number of Java threads
#   Decrease Java thread stack sizes (-Xss)
#   Set larger code cache with -XX:ReservedCodeCacheSize=
#   JVM is running with Unscaled Compressed Oops mode in which the Java heap is
#     placed in the first 4GB address space. The Java Heap base address is the
#     maximum limit for the native heap growth. Please use -XX:HeapBaseMinAddress
#     to set the Java Heap base and to place the Java Heap above 4GB virtual address.
# This output file may be truncated or incomplete.
#
#  Out of Memory Error (arena.cpp:184), pid=4728, tid=11548
#
# JRE version: Java(TM) SE Runtime Environment (19.0.2+7) (build 19.0.2+7-44)
# Java VM: Java HotSpot(TM) 64-Bit Server VM (19.0.2+7-44, mixed mode, sharing, tiered, compressed oops, compressed class ptrs, g1 gc, windows-amd64)
# No core dump will be written. Minidumps are not enabled by default on client versions of Windows
#

---------------  S U M M A R Y ------------

Command Line: -javaagent:C:\Program Files\JetBrains\IntelliJ IDEA Community Edition 2023.2.4\lib\idea_rt.jar=50869:C:\Program Files\JetBrains\IntelliJ IDEA Community Edition 2023.2.4\bin -Dfile.encoding=UTF-8 -Dsun.stdout.encoding=UTF-8 -Dsun.stderr.encoding=UTF-8 com.projectcnw.salesmanagement.SalesManagementApplication

Host: Intel(R) Core(TM) i7-10750H CPU @ 2.60GHz, 12 cores, 7G,  Windows 11 , 64 bit Build 22621 (10.0.22621.1928)
Time: Thu Nov  2 21:56:08 2023 SE Asia Standard Time elapsed time: 4.719613 seconds (0d 0h 0m 4s)

---------------  T H R E A D  ---------------

Current thread (0x000002bbdfd8bf30):  JavaThread "C2 CompilerThread1" daemon [_thread_in_native, id=11548, stack(0x000000da8ab00000,0x000000da8ac00000)]


Current CompileTask:
C2:   4719 3964   !   4       org.springframework.core.annotation.AnnotationsScanner::processClassHierarchy (234 bytes)

Stack: [0x000000da8ab00000,0x000000da8ac00000]
Native frames: (J=compiled Java code, j=interpreted, Vv=VM code, C=native code)
V  [jvm.dll+0x6ee21a]
V  [jvm.dll+0x85765e]
V  [jvm.dll+0x85904e]
V  [jvm.dll+0x859703]
V  [jvm.dll+0x28298f]
V  [jvm.dll+0xc9adf]
V  [jvm.dll+0xc9e65]
V  [jvm.dll+0x3bca4c]
V  [jvm.dll+0x3860e1]
V  [jvm.dll+0x38555a]
V  [jvm.dll+0x24c3d9]
V  [jvm.dll+0x24b781]
V  [jvm.dll+0x1d6ce1]
V  [jvm.dll+0x25b25a]
V  [jvm.dll+0x2596e8]
V  [jvm.dll+0x807588]
V  [jvm.dll+0x80125a]
V  [jvm.dll+0x6ecf0b]
C  [ucrtbase.dll+0x29363]
C  [KERNEL32.DLL+0x126ad]
C  [ntdll.dll+0x5aa68]


---------------  P R O C E S S  ---------------

Threads class SMR info:
_java_thread_list=0x000002bbe698fd20, length=16, elements={
0x000002bbc11fcc00, 0x000002bbdfd6e4b0, 0x000002bbdfd71090, 0x000002bbdfd77420,
0x000002bbdfd79e60, 0x000002bbdfd7b8f0, 0x000002bbdfd7cb60, 0x000002bbdfd83280,
0x000002bbdfd8b410, 0x000002bbdfd92df0, 0x000002bbdfd92350, 0x000002bbdfd91e00,
0x000002bbdfd93340, 0x000002bbdfd8bf30, 0x000002bbdfd8cfe0, 0x000002bbdfd918b0
}

Java Threads: ( => current thread )
  0x000002bbc11fcc00 JavaThread "main" [_thread_in_native, id=8016, stack(0x000000da89200000,0x000000da89300000)]
  0x000002bbdfd6e4b0 JavaThread "Reference Handler" daemon [_thread_blocked, id=15324, stack(0x000000da89900000,0x000000da89a00000)]
  0x000002bbdfd71090 JavaThread "Finalizer" daemon [_thread_blocked, id=2920, stack(0x000000da89a00000,0x000000da89b00000)]
  0x000002bbdfd77420 JavaThread "Signal Dispatcher" daemon [_thread_blocked, id=11364, stack(0x000000da89b00000,0x000000da89c00000)]
  0x000002bbdfd79e60 JavaThread "Attach Listener" daemon [_thread_blocked, id=1236, stack(0x000000da89c00000,0x000000da89d00000)]
  0x000002bbdfd7b8f0 JavaThread "Service Thread" daemon [_thread_blocked, id=14156, stack(0x000000da89d00000,0x000000da89e00000)]
  0x000002bbdfd7cb60 JavaThread "Monitor Deflation Thread" daemon [_thread_blocked, id=9736, stack(0x000000da89e00000,0x000000da89f00000)]
  0x000002bbdfd83280 JavaThread "C2 CompilerThread0" daemon [_thread_blocked, id=2752, stack(0x000000da89f00000,0x000000da8a000000)]
  0x000002bbdfd8b410 JavaThread "C1 CompilerThread0" daemon [_thread_blocked, id=15780, stack(0x000000da8a000000,0x000000da8a100000)]
  0x000002bbdfd92df0 JavaThread "Sweeper thread" daemon [_thread_blocked, id=16360, stack(0x000000da8a100000,0x000000da8a200000)]
  0x000002bbdfd92350 JavaThread "Common-Cleaner" daemon [_thread_blocked, id=15956, stack(0x000000da8a200000,0x000000da8a300000)]
  0x000002bbdfd91e00 JavaThread "Monitor Ctrl-Break" daemon [_thread_in_native, id=680, stack(0x000000da8a400000,0x000000da8a500000)]
  0x000002bbdfd93340 JavaThread "Notification Thread" daemon [_thread_blocked, id=13064, stack(0x000000da8a500000,0x000000da8a600000)]
=>0x000002bbdfd8bf30 JavaThread "C2 CompilerThread1" daemon [_thread_in_native, id=11548, stack(0x000000da8ab00000,0x000000da8ac00000)]
  0x000002bbdfd8cfe0 JavaThread "C2 CompilerThread2" daemon [_thread_blocked, id=6136, stack(0x000000da8b100000,0x000000da8b200000)]
  0x000002bbdfd918b0 JavaThread "Catalina-utility-1" [_thread_blocked, id=15980, stack(0x000000da8b300000,0x000000da8b400000)]

Other Threads:
  0x000002bbdfd55790 VMThread "VM Thread" [stack: 0x000000da89800000,0x000000da89900000] [id=10808]
  0x000002bbe42c03e0 WatcherThread "VM Periodic Task Thread" [stack: 0x000000da8a600000,0x000000da8a700000] [id=4548]
  0x000002bbc125ce90 WorkerThread "GC Thread#0" [stack: 0x000000da89300000,0x000000da89400000] [id=7852]
  0x000002bbe4cdcfb0 WorkerThread "GC Thread#1" [stack: 0x000000da8a300000,0x000000da8a400000] [id=13928]
  0x000002bbe4d7a9b0 WorkerThread "GC Thread#2" [stack: 0x000000da8a700000,0x000000da8a800000] [id=6480]
  0x000002bbe4d685e0 WorkerThread "GC Thread#3" [stack: 0x000000da8a800000,0x000000da8a900000] [id=9396]
  0x000002bbe4d0a770 WorkerThread "GC Thread#4" [stack: 0x000000da8a900000,0x000000da8aa00000] [id=13396]
  0x000002bbe4d0a1d0 WorkerThread "GC Thread#5" [stack: 0x000000da8aa00000,0x000000da8ab00000] [id=15708]
  0x000002bbe4d090f0 WorkerThread "GC Thread#6" [stack: 0x000000da8ad00000,0x000000da8ae00000] [id=14192]
  0x000002bbe4d093c0 WorkerThread "GC Thread#7" [stack: 0x000000da8ae00000,0x000000da8af00000] [id=15920]
  0x000002bbe4d09690 WorkerThread "GC Thread#8" [stack: 0x000000da8af00000,0x000000da8b000000] [id=16248]
  0x000002bbe4d09960 WorkerThread "GC Thread#9" [stack: 0x000000da8b000000,0x000000da8b100000] [id=15000]
  0x000002bbc126d8e0 ConcurrentGCThread "G1 Main Marker" [stack: 0x000000da89400000,0x000000da89500000] [id=5276]
  0x000002bbc126f270 WorkerThread "G1 Conc#0" [stack: 0x000000da89500000,0x000000da89600000] [id=3676]
  0x000002bbe5f92930 WorkerThread "G1 Conc#1" [stack: 0x000000da8ac00000,0x000000da8ad00000] [id=6560]
  0x000002bbe5f93ce0 WorkerThread "G1 Conc#2" [stack: 0x000000da8b200000,0x000000da8b300000] [id=5996]
  0x000002bbdfc105a0 ConcurrentGCThread "G1 Refine#0" [stack: 0x000000da89600000,0x000000da89700000] [id=12336]
  0x000002bbdfc10d90 ConcurrentGCThread "G1 Service" [stack: 0x000000da89700000,0x000000da89800000] [id=2908]

Threads with active compile tasks:
C2 CompilerThread1     4737 3964   !   4       org.springframework.core.annotation.AnnotationsScanner::processClassHierarchy (234 bytes)

VM state: not at safepoint (normal execution)

VM Mutex/Monitor currently owned by a thread: None

Heap address: 0x0000000082c00000, size: 2004 MB, Compressed Oops mode: 32-bit

CDS archive(s) mapped at: [0x0000000800000000-0x0000000800c40000-0x0000000800c40000), size 12845056, SharedBaseAddress: 0x0000000800000000, ArchiveRelocationMode: 0.
Compressed class space mapped at: 0x0000000801000000-0x0000000841000000, reserved size: 1073741824
Narrow klass base: 0x0000000800000000, Narrow klass shift: 0, Narrow klass range: 0x100000000

GC Precious Log:
 CardTable entry size: 512
 Card Set container configuration: InlinePtr #cards 5 size 8 Array Of Cards #cards 12 size 40 Howl #buckets 4 coarsen threshold 1843 Howl Bitmap #cards 512 size 80 coarsen threshold 460 Card regions per heap region 1 cards per card region 2048
 CPUs: 12 total, 12 available
 Memory: 8013M
 Large Page Support: Disabled
 NUMA Support: Disabled
 Compressed Oops: Enabled (32-bit)
 Heap Region Size: 1M
 Heap Min Capacity: 8M
 Heap Initial Capacity: 126M
 Heap Max Capacity: 2004M
 Pre-touch: Disabled
 Parallel Workers: 10
 Concurrent Workers: 3
 Concurrent Refinement Workers: 10
 Periodic GC: Disabled

Heap:
 garbage-first heap   total 51200K, used 22423K [0x0000000082c00000, 0x0000000100000000)
  region size 1024K, 8 young (8192K), 3 survivors (3072K)
 Metaspace       used 31207K, committed 31680K, reserved 1114112K
  class space    used 3920K, committed 4160K, reserved 1048576K

Heap Regions: E=young(eden), S=young(survivor), O=old, HS=humongous(starts), HC=humongous(continues), CS=collection set, F=free, OA=open archive, CA=closed archive, TAMS=top-at-mark-start (previous, next)
|   0|0x0000000082c00000, 0x0000000082d00000, 0x0000000082d00000|100%|HS|  |TAMS 0x0000000082d00000, 0x0000000082c00000| Complete 
|   1|0x0000000082d00000, 0x0000000082e00000, 0x0000000082e00000|100%| O|  |TAMS 0x0000000082e00000, 0x0000000082d00000| Untracked 
|   2|0x0000000082e00000, 0x0000000082f00000, 0x0000000082f00000|100%| O|  |TAMS 0x0000000082f00000, 0x0000000082e00000| Untracked 
|   3|0x0000000082f00000, 0x0000000083000000, 0x0000000083000000|100%| O|  |TAMS 0x0000000083000000, 0x0000000082f00000| Untracked 
|   4|0x0000000083000000, 0x0000000083100000, 0x0000000083100000|100%| O|  |TAMS 0x0000000083100000, 0x0000000083000000| Untracked 
|   5|0x0000000083100000, 0x0000000083200000, 0x0000000083200000|100%| O|  |TAMS 0x0000000083200000, 0x0000000083100000| Untracked 
|   6|0x0000000083200000, 0x0000000083300000, 0x0000000083300000|100%| O|  |TAMS 0x0000000083300000, 0x0000000083200000| Untracked 
|   7|0x0000000083300000, 0x0000000083300000, 0x0000000083400000|  0%| F|  |TAMS 0x0000000083300000, 0x0000000083300000| Untracked 
|   8|0x0000000083400000, 0x0000000083500000, 0x0000000083500000|100%| O|  |TAMS 0x0000000083400000, 0x0000000083400000| Untracked 
|   9|0x0000000083500000, 0x0000000083600000, 0x0000000083600000|100%| O|  |TAMS 0x0000000083500000, 0x0000000083500000| Untracked 
|  10|0x0000000083600000, 0x0000000083700000, 0x0000000083700000|100%| O|  |TAMS 0x0000000083600000, 0x0000000083600000| Untracked 
|  11|0x0000000083700000, 0x0000000083800000, 0x0000000083800000|100%| O|  |TAMS 0x0000000083700000, 0x0000000083700000| Untracked 
|  12|0x0000000083800000, 0x0000000083900000, 0x0000000083900000|100%| O|  |TAMS 0x0000000083800000, 0x0000000083800000| Untracked 
|  13|0x0000000083900000, 0x0000000083a00000, 0x0000000083a00000|100%| O|  |TAMS 0x0000000083900000, 0x0000000083900000| Untracked 
|  14|0x0000000083a00000, 0x0000000083b00000, 0x0000000083b00000|100%| O|  |TAMS 0x0000000083a00000, 0x0000000083a00000| Untracked 
|  15|0x0000000083b00000, 0x0000000083c00000, 0x0000000083c00000|100%| O|  |TAMS 0x0000000083b00000, 0x0000000083b00000| Untracked 
|  16|0x0000000083c00000, 0x0000000083c61e00, 0x0000000083d00000| 38%| O|  |TAMS 0x0000000083c00000, 0x0000000083c00000| Untracked 
|  17|0x0000000083d00000, 0x0000000083d00000, 0x0000000083e00000|  0%| F|  |TAMS 0x0000000083d00000, 0x0000000083d00000| Untracked 
|  18|0x0000000083e00000, 0x0000000083e00000, 0x0000000083f00000|  0%| F|  |TAMS 0x0000000083e00000, 0x0000000083e00000| Untracked 
|  19|0x0000000083f00000, 0x0000000083f00000, 0x0000000084000000|  0%| F|  |TAMS 0x0000000083f00000, 0x0000000083f00000| Untracked 
|  20|0x0000000084000000, 0x0000000084000000, 0x0000000084100000|  0%| F|  |TAMS 0x0000000084000000, 0x0000000084000000| Untracked 
|  21|0x0000000084100000, 0x0000000084100000, 0x0000000084200000|  0%| F|  |TAMS 0x0000000084100000, 0x0000000084100000| Untracked 
|  22|0x0000000084200000, 0x0000000084200000, 0x0000000084300000|  0%| F|  |TAMS 0x0000000084200000, 0x0000000084200000| Untracked 
|  23|0x0000000084300000, 0x0000000084300000, 0x0000000084400000|  0%| F|  |TAMS 0x0000000084300000, 0x0000000084300000| Untracked 
|  24|0x0000000084400000, 0x0000000084400000, 0x0000000084500000|  0%| F|  |TAMS 0x0000000084400000, 0x0000000084400000| Untracked 
|  25|0x0000000084500000, 0x0000000084500000, 0x0000000084600000|  0%| F|  |TAMS 0x0000000084500000, 0x0000000084500000| Untracked 
|  26|0x0000000084600000, 0x0000000084600000, 0x0000000084700000|  0%| F|  |TAMS 0x0000000084600000, 0x0000000084600000| Untracked 
|  27|0x0000000084700000, 0x0000000084700000, 0x0000000084800000|  0%| F|  |TAMS 0x0000000084700000, 0x0000000084700000| Untracked 
|  28|0x0000000084800000, 0x0000000084883ea0, 0x0000000084900000| 51%| S|CS|TAMS 0x0000000084800000, 0x0000000084800000| Complete 
|  29|0x0000000084900000, 0x0000000084a00000, 0x0000000084a00000|100%| S|CS|TAMS 0x0000000084900000, 0x0000000084900000| Complete 
|  30|0x0000000084a00000, 0x0000000084b00000, 0x0000000084b00000|100%| S|CS|TAMS 0x0000000084a00000, 0x0000000084a00000| Complete 
|  31|0x0000000084b00000, 0x0000000084b00000, 0x0000000084c00000|  0%| F|  |TAMS 0x0000000084b00000, 0x0000000084b00000| Untracked 
|  32|0x0000000084c00000, 0x0000000084c00000, 0x0000000084d00000|  0%| F|  |TAMS 0x0000000084c00000, 0x0000000084c00000| Untracked 
|  33|0x0000000084d00000, 0x0000000084d00000, 0x0000000084e00000|  0%| F|  |TAMS 0x0000000084d00000, 0x0000000084d00000| Untracked 
|  34|0x0000000084e00000, 0x0000000084e00000, 0x0000000084f00000|  0%| F|  |TAMS 0x0000000084e00000, 0x0000000084e00000| Untracked 
|  35|0x0000000084f00000, 0x0000000084f00000, 0x0000000085000000|  0%| F|  |TAMS 0x0000000084f00000, 0x0000000084f00000| Untracked 
|  36|0x0000000085000000, 0x0000000085000000, 0x0000000085100000|  0%| F|  |TAMS 0x0000000085000000, 0x0000000085000000| Untracked 
|  37|0x0000000085100000, 0x0000000085100000, 0x0000000085200000|  0%| F|  |TAMS 0x0000000085100000, 0x0000000085100000| Untracked 
|  38|0x0000000085200000, 0x0000000085200000, 0x0000000085300000|  0%| F|  |TAMS 0x0000000085200000, 0x0000000085200000| Untracked 
|  39|0x0000000085300000, 0x0000000085300000, 0x0000000085400000|  0%| F|  |TAMS 0x0000000085300000, 0x0000000085300000| Untracked 
|  40|0x0000000085400000, 0x0000000085400000, 0x0000000085500000|  0%| F|  |TAMS 0x0000000085400000, 0x0000000085400000| Untracked 
|  41|0x0000000085500000, 0x0000000085500000, 0x0000000085600000|  0%| F|  |TAMS 0x0000000085500000, 0x0000000085500000| Untracked 
|  42|0x0000000085600000, 0x0000000085600000, 0x0000000085700000|  0%| F|  |TAMS 0x0000000085600000, 0x0000000085600000| Untracked 
|  78|0x0000000087a00000, 0x0000000087a00000, 0x0000000087b00000|  0%| F|  |TAMS 0x0000000087a00000, 0x0000000087a00000| Untracked 
|  79|0x0000000087b00000, 0x0000000087b00000, 0x0000000087c00000|  0%| F|  |TAMS 0x0000000087b00000, 0x0000000087b00000| Untracked 
|  80|0x0000000087c00000, 0x0000000087d00000, 0x0000000087d00000|100%| E|  |TAMS 0x0000000087c00000, 0x0000000087c00000| Complete 
|  81|0x0000000087d00000, 0x0000000087e00000, 0x0000000087e00000|100%| E|CS|TAMS 0x0000000087d00000, 0x0000000087d00000| Complete 
|  82|0x0000000087e00000, 0x0000000087f00000, 0x0000000087f00000|100%| E|CS|TAMS 0x0000000087e00000, 0x0000000087e00000| Complete 
|  83|0x0000000087f00000, 0x0000000088000000, 0x0000000088000000|100%| E|CS|TAMS 0x0000000087f00000, 0x0000000087f00000| Complete 
| 125|0x000000008a900000, 0x000000008aa00000, 0x000000008aa00000|100%| E|CS|TAMS 0x000000008a900000, 0x000000008a900000| Complete 

Card table byte_map: [0x000002bbd8a90000,0x000002bbd8e80000] _byte_map_base: 0x000002bbd867a000

Marking Bits (Prev, Next): (CMBitMap*) 0x000002bbc125d410, (CMBitMap*) 0x000002bbc125d3d0
 Prev Bits: [0x000002bbdb1c0000, 0x000002bbdd110000)
 Next Bits: [0x000002bbd9270000, 0x000002bbdb1c0000)

Polling page: 0x000002bbbf160000

Metaspace:

Usage:
  Non-class:     26.66 MB used.
      Class:      3.83 MB used.
       Both:     30.49 MB used.

Virtual space:
  Non-class space:       64.00 MB reserved,      26.94 MB ( 42%) committed,  1 nodes.
      Class space:        1.00 GB reserved,       4.06 MB ( <1%) committed,  1 nodes.
             Both:        1.06 GB reserved,      31.00 MB (  3%) committed. 

Chunk freelists:
   Non-Class:  1.05 MB
       Class:  3.89 MB
        Both:  4.94 MB

MaxMetaspaceSize: unlimited
CompressedClassSpaceSize: 1.00 GB
Initial GC threshold: 21.00 MB
Current GC threshold: 35.12 MB
CDS: on
MetaspaceReclaimPolicy: balanced
 - commit_granule_bytes: 65536.
 - commit_granule_words: 8192.
 - virtual_space_node_default_size: 8388608.
 - enlarge_chunks_in_place: 1.
 - new_chunks_are_fully_committed: 0.
 - uncommit_free_chunks: 1.
 - use_allocation_guard: 0.


Internal statistics:

num_allocs_failed_limit: 3.
num_arena_births: 632.
num_arena_deaths: 0.
num_vsnodes_births: 2.
num_vsnodes_deaths: 0.
num_space_committed: 496.
num_space_uncommitted: 0.
num_chunks_returned_to_freelist: 3.
num_chunks_taken_from_freelist: 1686.
num_chunk_merges: 3.
num_chunk_splits: 1182.
num_chunks_enlarged: 931.
num_inconsistent_stats: 0.

CodeHeap 'non-profiled nmethods': size=120000Kb used=2094Kb max_used=2094Kb free=117905Kb
 bounds [0x000002bbd0c20000, 0x000002bbd0e90000, 0x000002bbd8150000]
CodeHeap 'profiled nmethods': size=120000Kb used=8193Kb max_used=8193Kb free=111806Kb
 bounds [0x000002bbc9150000, 0x000002bbc9960000, 0x000002bbd0680000]
CodeHeap 'non-nmethods': size=5760Kb used=1315Kb max_used=1418Kb free=4444Kb
 bounds [0x000002bbd0680000, 0x000002bbd08f0000, 0x000002bbd0c20000]
 total_blobs=4521 nmethods=3980 adapters=451
 compilation: enabled
              stopped_count=0, restarted_count=0
 full_count=0

Compilation events (20 events):
Event: 4.673 Thread 0x000002bbdfd8cfe0 nmethod 3950 0x000002bbd0e26690 code [0x000002bbd0e268a0, 0x000002bbd0e27a30]
Event: 4.673 Thread 0x000002bbdfd8cfe0 3966       4       org.springframework.util.StringUtils::hasLength (17 bytes)
Event: 4.674 Thread 0x000002bbdfd8cfe0 nmethod 3966 0x000002bbd0e28210 code [0x000002bbd0e28380, 0x000002bbd0e283f8]
Event: 4.674 Thread 0x000002bbdfd8cfe0 3962       4       java.lang.Class::annotationData (44 bytes)
Event: 4.675 Thread 0x000002bbdfd8cfe0 nmethod 3962 0x000002bbd0e28510 code [0x000002bbd0e286a0, 0x000002bbd0e28828]
Event: 4.675 Thread 0x000002bbdfd8cfe0 3961       4       java.lang.Class::getDeclaredAnnotations (11 bytes)
Event: 4.681 Thread 0x000002bbdfd8cfe0 nmethod 3961 0x000002bbd0e28910 code [0x000002bbd0e28ae0, 0x000002bbd0e28f48]
Event: 4.681 Thread 0x000002bbdfd8cfe0 3963       4       org.springframework.core.annotation.AnnotationsScanner::isWithoutHierarchy (119 bytes)
Event: 4.681 Thread 0x000002bbdfd8b410 3970       3       java.util.logging.LogManager$LoggerContext::requiresDefaultLoggers (29 bytes)
Event: 4.682 Thread 0x000002bbdfd8b410 nmethod 3970 0x000002bbc994aa90 code [0x000002bbc994ac40, 0x000002bbc994ae68]
Event: 4.683 Thread 0x000002bbdfd83280 nmethod 3965 0x000002bbd0e29210 code [0x000002bbd0e293e0, 0x000002bbd0e29c98]
Event: 4.684 Thread 0x000002bbdfd8b410 3971       3       java.lang.ClassNotFoundException::<init> (7 bytes)
Event: 4.684 Thread 0x000002bbdfd8b410 nmethod 3971 0x000002bbc994af90 code [0x000002bbc994b140, 0x000002bbc994b348]
Event: 4.689 Thread 0x000002bbdfd8cfe0 nmethod 3963 0x000002bbd0e2a090 code [0x000002bbd0e2a260, 0x000002bbd0e2a7c8]
Event: 4.710 Thread 0x000002bbdfd8b410 3972       3       java.nio.CharBuffer::<init> (24 bytes)
Event: 4.710 Thread 0x000002bbdfd8b410 nmethod 3972 0x000002bbc994b490 code [0x000002bbc994b640, 0x000002bbc994b7e8]
Event: 4.710 Thread 0x000002bbdfd8b410 3973       3       java.nio.CharBuffer::limit (6 bytes)
Event: 4.710 Thread 0x000002bbdfd8b410 nmethod 3973 0x000002bbc994b890 code [0x000002bbc994ba40, 0x000002bbc994bbe8]
Event: 4.710 Thread 0x000002bbdfd8b410 3974       3       java.nio.CharBuffer::limit (8 bytes)
Event: 4.711 Thread 0x000002bbdfd8b410 nmethod 3974 0x000002bbc994bc90 code [0x000002bbc994be40, 0x000002bbc994bf88]

GC Heap History (12 events):
Event: 0.984 GC heap before
{Heap before GC invocations=0 (full 0):
 garbage-first heap   total 129024K, used 23552K [0x0000000082c00000, 0x0000000100000000)
  region size 1024K, 23 young (23552K), 0 survivors (0K)
 Metaspace       used 6497K, committed 6784K, reserved 1114112K
  class space    used 737K, committed 896K, reserved 1048576K
}
Event: 0.992 GC heap after
{Heap after GC invocations=1 (full 0):
 garbage-first heap   total 129024K, used 8159K [0x0000000082c00000, 0x0000000100000000)
  region size 1024K, 3 young (3072K), 3 survivors (3072K)
 Metaspace       used 6497K, committed 6784K, reserved 1114112K
  class space    used 737K, committed 896K, reserved 1048576K
}
Event: 1.553 GC heap before
{Heap before GC invocations=1 (full 0):
 garbage-first heap   total 129024K, used 35807K [0x0000000082c00000, 0x0000000100000000)
  region size 1024K, 30 young (30720K), 3 survivors (3072K)
 Metaspace       used 13336K, committed 13632K, reserved 1114112K
  class space    used 1729K, committed 1856K, reserved 1048576K
}
Event: 1.560 GC heap after
{Heap after GC invocations=2 (full 0):
 garbage-first heap   total 129024K, used 10475K [0x0000000082c00000, 0x0000000100000000)
  region size 1024K, 3 young (3072K), 3 survivors (3072K)
 Metaspace       used 13336K, committed 13632K, reserved 1114112K
  class space    used 1729K, committed 1856K, reserved 1048576K
}
Event: 2.624 GC heap before
{Heap before GC invocations=2 (full 0):
 garbage-first heap   total 129024K, used 48363K [0x0000000082c00000, 0x0000000100000000)
  region size 1024K, 42 young (43008K), 3 survivors (3072K)
 Metaspace       used 21172K, committed 21504K, reserved 1114112K
  class space    used 2603K, committed 2752K, reserved 1048576K
}
Event: 2.640 GC heap after
{Heap after GC invocations=3 (full 0):
 garbage-first heap   total 129024K, used 13696K [0x0000000082c00000, 0x0000000100000000)
  region size 1024K, 6 young (6144K), 6 survivors (6144K)
 Metaspace       used 21172K, committed 21504K, reserved 1114112K
  class space    used 2603K, committed 2752K, reserved 1048576K
}
Event: 3.680 GC heap before
{Heap before GC invocations=4 (full 0):
 garbage-first heap   total 51200K, used 38272K [0x0000000082c00000, 0x0000000100000000)
  region size 1024K, 30 young (30720K), 6 survivors (6144K)
 Metaspace       used 25252K, committed 25600K, reserved 1114112K
  class space    used 3156K, committed 3328K, reserved 1048576K
}
Event: 3.699 GC heap after
{Heap after GC invocations=5 (full 0):
 garbage-first heap   total 51200K, used 15826K [0x0000000082c00000, 0x0000000100000000)
  region size 1024K, 3 young (3072K), 3 survivors (3072K)
 Metaspace       used 25252K, committed 25600K, reserved 1114112K
  class space    used 3156K, committed 3328K, reserved 1048576K
}
Event: 3.736 GC heap before
{Heap before GC invocations=5 (full 0):
 garbage-first heap   total 51200K, used 16850K [0x0000000082c00000, 0x0000000100000000)
  region size 1024K, 4 young (4096K), 3 survivors (3072K)
 Metaspace       used 25433K, committed 25920K, reserved 1114112K
  class space    used 3191K, committed 3392K, reserved 1048576K
}
Event: 3.747 GC heap after
{Heap after GC invocations=6 (full 0):
 garbage-first heap   total 51200K, used 16286K [0x0000000082c00000, 0x0000000100000000)
  region size 1024K, 1 young (1024K), 1 survivors (1024K)
 Metaspace       used 25433K, committed 25920K, reserved 1114112K
  class space    used 3191K, committed 3392K, reserved 1048576K
}
Event: 4.524 GC heap before
{Heap before GC invocations=6 (full 0):
 garbage-first heap   total 51200K, used 33694K [0x0000000082c00000, 0x0000000100000000)
  region size 1024K, 19 young (19456K), 1 survivors (1024K)
 Metaspace       used 30278K, committed 30720K, reserved 1114112K
  class space    used 3786K, committed 3968K, reserved 1048576K
}
Event: 4.534 GC heap after
{Heap after GC invocations=7 (full 0):
 garbage-first heap   total 51200K, used 18327K [0x0000000082c00000, 0x0000000100000000)
  region size 1024K, 3 young (3072K), 3 survivors (3072K)
 Metaspace       used 30278K, committed 30720K, reserved 1114112K
  class space    used 3786K, committed 3968K, reserved 1048576K
}

Dll operation events (13 events):
Event: 0.012 Loaded shared library C:\Program Files\Java\jdk-19\bin\java.dll
Event: 0.022 Loaded shared library C:\Program Files\Java\jdk-19\bin\jsvml.dll
Event: 0.120 Loaded shared library C:\Program Files\Java\jdk-19\bin\zip.dll
Event: 0.124 Loaded shared library C:\Program Files\Java\jdk-19\bin\instrument.dll
Event: 0.134 Loaded shared library C:\Program Files\Java\jdk-19\bin\net.dll
Event: 0.136 Loaded shared library C:\Program Files\Java\jdk-19\bin\nio.dll
Event: 0.141 Loaded shared library C:\Program Files\Java\jdk-19\bin\zip.dll
Event: 0.295 Loaded shared library C:\Program Files\JetBrains\IntelliJ IDEA Community Edition 2023.2.4\bin\breakgen64.dll
Event: 0.311 Loaded shared library C:\Program Files\Java\jdk-19\bin\extnet.dll
Event: 0.356 Loaded shared library C:\Program Files\Java\jdk-19\bin\jimage.dll
Event: 4.547 Loaded shared library C:\Program Files\Java\jdk-19\bin\sunmscapi.dll
Event: 4.556 Loaded shared library C:\Program Files\Java\jdk-19\bin\management.dll
Event: 4.560 Loaded shared library C:\Program Files\Java\jdk-19\bin\management_ext.dll

Deoptimization events (20 events):
Event: 4.409 Thread 0x000002bbc11fcc00 Uncommon trap: trap_request=0xffffffde fr.pc=0x000002bbd0cdba9c relative=0x00000000000002dc
Event: 4.409 Thread 0x000002bbc11fcc00 Uncommon trap: reason=class_check action=maybe_recompile pc=0x000002bbd0cdba9c method=java.util.regex.Pattern$BmpCharPropertyGreedy.match(Ljava/util/regex/Matcher;ILjava/lang/CharSequence;)Z @ 26 c2
Event: 4.409 Thread 0x000002bbc11fcc00 DEOPT PACKING pc=0x000002bbd0cdba9c sp=0x000000da892fe3b0
Event: 4.409 Thread 0x000002bbc11fcc00 DEOPT UNPACKING pc=0x000002bbd06e6da3 sp=0x000000da892fe348 mode 2
Event: 4.442 Thread 0x000002bbc11fcc00 DEOPT PACKING pc=0x000002bbc98fa35e sp=0x000000da892fceb0
Event: 4.442 Thread 0x000002bbc11fcc00 DEOPT UNPACKING pc=0x000002bbd06e7543 sp=0x000000da892fc398 mode 0
Event: 4.522 Thread 0x000002bbc11fcc00 Uncommon trap: trap_request=0xffffff45 fr.pc=0x000002bbd0d247bc relative=0x000000000000023c
Event: 4.522 Thread 0x000002bbc11fcc00 Uncommon trap: reason=unstable_if action=reinterpret pc=0x000002bbd0d247bc method=java.util.HashMap.putVal(ILjava/lang/Object;Ljava/lang/Object;ZZ)Ljava/lang/Object; @ 162 c2
Event: 4.522 Thread 0x000002bbc11fcc00 DEOPT PACKING pc=0x000002bbd0d247bc sp=0x000000da892fbf40
Event: 4.522 Thread 0x000002bbc11fcc00 DEOPT UNPACKING pc=0x000002bbd06e6da3 sp=0x000000da892fbe68 mode 2
Event: 4.584 Thread 0x000002bbc11fcc00 Uncommon trap: trap_request=0xffffff45 fr.pc=0x000002bbd0cefb10 relative=0x0000000000001370
Event: 4.584 Thread 0x000002bbc11fcc00 Uncommon trap: reason=unstable_if action=reinterpret pc=0x000002bbd0cefb10 method=java.util.zip.InflaterInputStream.read([BII)I @ 25 c2
Event: 4.584 Thread 0x000002bbc11fcc00 DEOPT PACKING pc=0x000002bbd0cefb10 sp=0x000000da892fd710
Event: 4.584 Thread 0x000002bbc11fcc00 DEOPT UNPACKING pc=0x000002bbd06e6da3 sp=0x000000da892fd760 mode 2
Event: 4.598 Thread 0x000002bbc11fcc00 DEOPT PACKING pc=0x000002bbc91a60b4 sp=0x000000da892fd980
Event: 4.598 Thread 0x000002bbc11fcc00 DEOPT UNPACKING pc=0x000002bbd06e7543 sp=0x000000da892fcdf0 mode 0
Event: 4.657 Thread 0x000002bbc11fcc00 Uncommon trap: trap_request=0xffffff45 fr.pc=0x000002bbd0dd4c80 relative=0x0000000000000060
Event: 4.657 Thread 0x000002bbc11fcc00 Uncommon trap: reason=unstable_if action=reinterpret pc=0x000002bbd0dd4c80 method=java.lang.ClassLoader.createOrGetClassLoaderValueMap()Ljava/util/concurrent/ConcurrentHashMap; @ 6 c2
Event: 4.657 Thread 0x000002bbc11fcc00 DEOPT PACKING pc=0x000002bbd0dd4c80 sp=0x000000da892fc660
Event: 4.657 Thread 0x000002bbc11fcc00 DEOPT UNPACKING pc=0x000002bbd06e6da3 sp=0x000000da892fc5e8 mode 2

Classes loaded (20 events):
Event: 4.568 Loading class jdk/management/jfr/FlightRecorderMXBean
Event: 4.569 Loading class jdk/management/jfr/FlightRecorderMXBean done
Event: 4.569 Loading class jdk/management/jfr/internal/FlightRecorderMXBeanProvider$SingleMBeanComponent
Event: 4.569 Loading class jdk/management/jfr/internal/FlightRecorderMXBeanProvider$SingleMBeanComponent done
Event: 4.570 Loading class java/util/stream/ReduceOps$2
Event: 4.570 Loading class java/util/stream/ReduceOps$2 done
Event: 4.571 Loading class java/util/stream/ReduceOps$2ReducingSink
Event: 4.571 Loading class java/util/stream/ReduceOps$2ReducingSink done
Event: 4.571 Loading class sun/management/RuntimeImpl
Event: 4.572 Loading class sun/management/RuntimeImpl done
Event: 4.572 Loading class java/util/Collections$2
Event: 4.572 Loading class java/util/Collections$2 done
Event: 4.676 Loading class java/util/stream/SortedOps$SizedRefSortingSink
Event: 4.676 Loading class java/util/stream/SortedOps$SizedRefSortingSink done
Event: 4.693 Loading class java/io/EOFException
Event: 4.693 Loading class java/io/EOFException done
Event: 4.694 Loading class javax/net/ssl/SSLException
Event: 4.695 Loading class javax/net/ssl/SSLException done
Event: 4.717 Loading class java/nio/channels/CompletionHandler
Event: 4.717 Loading class java/nio/channels/CompletionHandler done

Classes unloaded (0 events):
No events

Classes redefined (0 events):
No events

Internal exceptions (20 events):
Event: 3.721 Thread 0x000002bbc11fcc00 Exception <a 'java/lang/NoSuchMethodError'{0x000000008a99b558}: 'java.lang.Object java.lang.invoke.DirectMethodHandle$Holder.invokeStatic(java.lang.Object, java.lang.Object, java.lang.Object, java.lang.Object, int)'> (0x000000008a99b558) 
thrown [s\open\src\hotspot\share\interpreter\linkResolver.cpp, line 774]
Event: 3.722 Thread 0x000002bbc11fcc00 Exception <a 'java/lang/NoSuchMethodError'{0x000000008a9a6408}: 'void java.lang.invoke.DelegatingMethodHandle$Holder.reinvoke_L(java.lang.Object, java.lang.Object, int)'> (0x000000008a9a6408) 
thrown [s\open\src\hotspot\share\interpreter\linkResolver.cpp, line 774]
Event: 3.836 Thread 0x000002bbc11fcc00 Exception <a 'java/lang/NoSuchMethodError'{0x0000000087ee1b40}: 'java.lang.Object java.lang.invoke.DirectMethodHandle$Holder.invokeSpecialIFC(java.lang.Object, java.lang.Object, java.lang.Object)'> (0x0000000087ee1b40) 
thrown [s\open\src\hotspot\share\interpreter\linkResolver.cpp, line 774]
Event: 3.849 Thread 0x000002bbc11fcc00 Exception <a 'java/lang/NoSuchMethodError'{0x0000000087d28cf8}: 'java.lang.Object java.lang.invoke.DirectMethodHandle$Holder.invokeVirtual(java.lang.Object, java.lang.Object, java.lang.Object, java.lang.Object, java.lang.Object)'> (0x0000000087d28cf8) 
thrown [s\open\src\hotspot\share\interpreter\linkResolver.cpp, line 774]
Event: 3.970 Thread 0x000002bbc11fcc00 Exception <a 'java/lang/NoSuchMethodError'{0x0000000087a2d418}: 'java.lang.Object java.lang.invoke.DirectMethodHandle$Holder.invokeVirtual(java.lang.Object, java.lang.Object, java.lang.Object, java.lang.Object, java.lang.Object, java.lang.Object)'> (0x0000000087a2d418) 
thrown [s\open\src\hotspot\share\interpreter\linkResolver.cpp, line 774]
Event: 4.011 Thread 0x000002bbc11fcc00 Exception <a 'java/lang/NoSuchMethodError'{0x000000008560fef8}: 'void java.lang.invoke.DirectMethodHandle$Holder.invokeInterface(java.lang.Object, java.lang.Object, int)'> (0x000000008560fef8) 
thrown [s\open\src\hotspot\share\interpreter\linkResolver.cpp, line 774]
Event: 4.019 Thread 0x000002bbc11fcc00 Exception <a 'java/lang/IncompatibleClassChangeError'{0x0000000085660558}: Found class java.lang.Object, but interface was expected> (0x0000000085660558) 
thrown [s\open\src\hotspot\share\interpreter\linkResolver.cpp, line 841]
Event: 4.020 Thread 0x000002bbc11fcc00 Exception <a 'java/lang/NoSuchMethodError'{0x00000000856712d0}: 'int java.lang.invoke.DirectMethodHandle$Holder.invokeSpecialIFC(java.lang.Object, java.lang.Object, java.lang.Object)'> (0x00000000856712d0) 
thrown [s\open\src\hotspot\share\interpreter\linkResolver.cpp, line 774]
Event: 4.021 Thread 0x000002bbc11fcc00 Exception <a 'java/lang/NoSuchMethodError'{0x000000008567f870}: 'void java.lang.invoke.DirectMethodHandle$Holder.invokeStatic(java.lang.Object, int, java.lang.Object)'> (0x000000008567f870) 
thrown [s\open\src\hotspot\share\interpreter\linkResolver.cpp, line 774]
Event: 4.028 Thread 0x000002bbc11fcc00 Exception <a 'java/lang/NoSuchMethodError'{0x00000000856bdf88}: 'void java.lang.invoke.DirectMethodHandle$Holder.invokeStatic(java.lang.Object, java.lang.Object, java.lang.Object, int, java.lang.Object)'> (0x00000000856bdf88) 
thrown [s\open\src\hotspot\share\interpreter\linkResolver.cpp, line 774]
Event: 4.029 Thread 0x000002bbc11fcc00 Exception <a 'java/lang/NoSuchMethodError'{0x00000000856c5650}: 'java.lang.Object java.lang.invoke.DirectMethodHandle$Holder.newInvokeSpecial(java.lang.Object, java.lang.Object, java.lang.Object, int)'> (0x00000000856c5650) 
thrown [s\open\src\hotspot\share\interpreter\linkResolver.cpp, line 774]
Event: 4.029 Thread 0x000002bbc11fcc00 Exception <a 'java/lang/NoSuchMethodError'{0x00000000856c9770}: 'java.lang.Object java.lang.invoke.DirectMethodHandle$Holder.invokeSpecial(java.lang.Object, java.lang.Object, java.lang.Object, java.lang.Object, int)'> (0x00000000856c9770) 
thrown [s\open\src\hotspot\share\interpreter\linkResolver.cpp, line 774]
Event: 4.029 Thread 0x000002bbc11fcc00 Exception <a 'java/lang/NoSuchMethodError'{0x00000000856cce88}: 'java.lang.Object java.lang.invoke.Invokers$Holder.linkToTargetMethod(java.lang.Object, java.lang.Object, int, java.lang.Object)'> (0x00000000856cce88) 
thrown [s\open\src\hotspot\share\interpreter\linkResolver.cpp, line 774]
Event: 4.164 Thread 0x000002bbc11fcc00 Exception <a 'java/lang/NoSuchMethodError'{0x00000000852d3c70}: 'java.lang.Object java.lang.invoke.DirectMethodHandle$Holder.invokeStaticInit(java.lang.Object, int, int, int, int)'> (0x00000000852d3c70) 
thrown [s\open\src\hotspot\share\interpreter\linkResolver.cpp, line 774]
Event: 4.217 Thread 0x000002bbc11fcc00 Exception <a 'java/lang/NoSuchMethodError'{0x000000008516b818}: 'java.lang.Object java.lang.invoke.DirectMethodHandle$Holder.invokeStaticInit(java.lang.Object, java.lang.Object, int, int, int, int)'> (0x000000008516b818) 
thrown [s\open\src\hotspot\share\interpreter\linkResolver.cpp, line 774]
Event: 4.306 Thread 0x000002bbc11fcc00 Exception <a 'java/lang/NoSuchMethodError'{0x0000000084fadbf8}: 'int java.lang.invoke.DirectMethodHandle$Holder.invokeVirtual(java.lang.Object, java.lang.Object, java.lang.Object, java.lang.Object)'> (0x0000000084fadbf8) 
thrown [s\open\src\hotspot\share\interpreter\linkResolver.cpp, line 774]
Event: 4.307 Thread 0x000002bbc11fcc00 Exception <a 'java/lang/NoSuchMethodError'{0x0000000084fb1720}: 'int java.lang.invoke.DelegatingMethodHandle$Holder.reinvoke_L(java.lang.Object, java.lang.Object, java.lang.Object, java.lang.Object)'> (0x0000000084fb1720) 
thrown [s\open\src\hotspot\share\interpreter\linkResolver.cpp, line 774]
Event: 4.581 Thread 0x000002bbc11fcc00 Exception <a 'java/io/FileNotFoundException'{0x000000008a987340}> (0x000000008a987340) 
thrown [s\open\src\hotspot\share\prims\jni.cpp, line 517]
Event: 4.631 Thread 0x000002bbc11fcc00 Exception <a 'java/lang/NoSuchMethodError'{0x0000000087e2a0d8}: 'int java.lang.invoke.DirectMethodHandle$Holder.invokeInterface(java.lang.Object, java.lang.Object, java.lang.Object, java.lang.Object)'> (0x0000000087e2a0d8) 
thrown [s\open\src\hotspot\share\interpreter\linkResolver.cpp, line 774]
Event: 4.718 Thread 0x000002bbc11fcc00 Exception <a 'java/lang/NoSuchMethodError'{0x0000000087c25308}: 'long java.lang.invoke.DirectMethodHandle$Holder.invokeVirtual(java.lang.Object, java.lang.Object)'> (0x0000000087c25308) 
thrown [s\open\src\hotspot\share\interpreter\linkResolver.cpp, line 774]

VM Operations (20 events):
Event: 4.108 Executing VM operation: HandshakeAllThreads
Event: 4.108 Executing VM operation: HandshakeAllThreads done
Event: 4.151 Executing VM operation: HandshakeAllThreads
Event: 4.151 Executing VM operation: HandshakeAllThreads done
Event: 4.380 Executing VM operation: HandshakeAllThreads
Event: 4.380 Executing VM operation: HandshakeAllThreads done
Event: 4.448 Executing VM operation: HandshakeAllThreads
Event: 4.448 Executing VM operation: HandshakeAllThreads done
Event: 4.485 Executing VM operation: ICBufferFull
Event: 4.485 Executing VM operation: ICBufferFull done
Event: 4.502 Executing VM operation: HandshakeAllThreads
Event: 4.502 Executing VM operation: HandshakeAllThreads done
Event: 4.524 Executing VM operation: G1CollectForAllocation
Event: 4.534 Executing VM operation: G1CollectForAllocation done
Event: 4.571 Executing VM operation: HandshakeAllThreads
Event: 4.571 Executing VM operation: HandshakeAllThreads done
Event: 4.667 Executing VM operation: HandshakeAllThreads
Event: 4.667 Executing VM operation: HandshakeAllThreads done
Event: 4.669 Executing VM operation: HandshakeAllThreads
Event: 4.669 Executing VM operation: HandshakeAllThreads done

Events (20 events):
Event: 0.037 Thread 0x000002bbdfd6e4b0 Thread added: 0x000002bbdfd6e4b0
Event: 0.038 Thread 0x000002bbdfd71090 Thread added: 0x000002bbdfd71090
Event: 0.038 Thread 0x000002bbdfd77420 Thread added: 0x000002bbdfd77420
Event: 0.038 Thread 0x000002bbdfd79e60 Thread added: 0x000002bbdfd79e60
Event: 0.038 Thread 0x000002bbdfd7b8f0 Thread added: 0x000002bbdfd7b8f0
Event: 0.038 Thread 0x000002bbdfd7cb60 Thread added: 0x000002bbdfd7cb60
Event: 0.038 Thread 0x000002bbdfd83280 Thread added: 0x000002bbdfd83280
Event: 0.038 Thread 0x000002bbdfd8b410 Thread added: 0x000002bbdfd8b410
Event: 0.038 Thread 0x000002bbdfd92df0 Thread added: 0x000002bbdfd92df0
Event: 0.103 Thread 0x000002bbdfd92350 Thread added: 0x000002bbdfd92350
Event: 0.165 Thread 0x000002bbdfd8db00 Thread added: 0x000002bbdfd8db00
Event: 0.297 Thread 0x000002bbdfd91e00 Thread added: 0x000002bbdfd91e00
Event: 0.297 Thread 0x000002bbdfd93340 Thread added: 0x000002bbdfd93340
Event: 0.704 Thread 0x000002bbdfd8db00 Thread exited: 0x000002bbdfd8db00
Event: 0.993 Thread 0x000002bbdfd8bf30 Thread added: 0x000002bbdfd8bf30
Event: 1.281 Thread 0x000002bbdfd8fe20 Thread added: 0x000002bbdfd8fe20
Event: 1.766 Thread 0x000002bbdfd8cfe0 Thread added: 0x000002bbdfd8cfe0
Event: 1.869 Thread 0x000002bbdfd90370 Thread added: 0x000002bbdfd90370
Event: 1.913 Thread 0x000002bbdfd90370 Thread exited: 0x000002bbdfd90370
Event: 2.083 Thread 0x000002bbdfd8fe20 Thread exited: 0x000002bbdfd8fe20


Dynamic libraries:
0x00007ff65f610000 - 0x00007ff65f620000 	C:\Program Files\Java\jdk-19\bin\java.exe
0x00007ff94c2b0000 - 0x00007ff94c4c4000 	C:\WINDOWS\SYSTEM32\ntdll.dll
0x00007ff94ba80000 - 0x00007ff94bb42000 	C:\WINDOWS\System32\KERNEL32.DLL
0x00007ff949ce0000 - 0x00007ff94a083000 	C:\WINDOWS\System32\KERNELBASE.dll
0x00007ff949a60000 - 0x00007ff949b71000 	C:\WINDOWS\System32\ucrtbase.dll
0x00007ff92f160000 - 0x00007ff92f17b000 	C:\Program Files\Java\jdk-19\bin\VCRUNTIME140.dll
0x00007ff92f180000 - 0x00007ff92f198000 	C:\Program Files\Java\jdk-19\bin\jli.dll
0x00007ff94afe0000 - 0x00007ff94b08e000 	C:\WINDOWS\System32\ADVAPI32.dll
0x00007ff94a4d0000 - 0x00007ff94a577000 	C:\WINDOWS\System32\msvcrt.dll
0x00007ff94af30000 - 0x00007ff94afd4000 	C:\WINDOWS\System32\sechost.dll
0x00007ff94bfd0000 - 0x00007ff94c0e7000 	C:\WINDOWS\System32\RPCRT4.dll
0x00007ff94b0f0000 - 0x00007ff94b29a000 	C:\WINDOWS\System32\USER32.dll
0x00007ff949cb0000 - 0x00007ff949cd6000 	C:\WINDOWS\System32\win32u.dll
0x00007ff92ea90000 - 0x00007ff92ed1e000 	C:\WINDOWS\WinSxS\amd64_microsoft.windows.common-controls_6595b64144ccf1df_6.0.22621.1635_none_270f70857386168e\COMCTL32.dll
0x00007ff94c1d0000 - 0x00007ff94c1f9000 	C:\WINDOWS\System32\GDI32.dll
0x00007ff9498a0000 - 0x00007ff9499b9000 	C:\WINDOWS\System32\gdi32full.dll
0x00007ff9499c0000 - 0x00007ff949a5a000 	C:\WINDOWS\System32\msvcp_win.dll
0x00007ff9423a0000 - 0x00007ff9423aa000 	C:\WINDOWS\SYSTEM32\VERSION.dll
0x00007ff94ae90000 - 0x00007ff94aec1000 	C:\WINDOWS\System32\IMM32.DLL
0x00007ff932690000 - 0x00007ff93269c000 	C:\Program Files\Java\jdk-19\bin\vcruntime140_1.dll
0x00007ff9260c0000 - 0x00007ff92614e000 	C:\Program Files\Java\jdk-19\bin\msvcp140.dll
0x00007ff8fa580000 - 0x00007ff8fb240000 	C:\Program Files\Java\jdk-19\bin\server\jvm.dll
0x00007ff9430c0000 - 0x00007ff9430c9000 	C:\WINDOWS\SYSTEM32\WSOCK32.dll
0x00007ff942360000 - 0x00007ff942394000 	C:\WINDOWS\SYSTEM32\WINMM.dll
0x00007ff94a090000 - 0x00007ff94a101000 	C:\WINDOWS\System32\WS2_32.dll
0x00007ff9487a0000 - 0x00007ff9487b8000 	C:\WINDOWS\SYSTEM32\kernel.appcore.dll
0x00007ff932610000 - 0x00007ff93261a000 	C:\Program Files\Java\jdk-19\bin\jimage.dll
0x00007ff935ee0000 - 0x00007ff93610e000 	C:\WINDOWS\SYSTEM32\DBGHELP.DLL
0x00007ff94b530000 - 0x00007ff94b8b9000 	C:\WINDOWS\System32\combase.dll
0x00007ff94c0f0000 - 0x00007ff94c1c7000 	C:\WINDOWS\System32\OLEAUT32.dll
0x00007ff9354f0000 - 0x00007ff935522000 	C:\WINDOWS\SYSTEM32\dbgcore.DLL
0x00007ff949820000 - 0x00007ff94989a000 	C:\WINDOWS\System32\bcryptPrimitives.dll
0x00007ff9173e0000 - 0x00007ff9173ee000 	C:\Program Files\Java\jdk-19\bin\instrument.dll
0x00007ff925fe0000 - 0x00007ff926006000 	C:\Program Files\Java\jdk-19\bin\java.dll
0x00007ff90b6e0000 - 0x00007ff90b7b7000 	C:\Program Files\Java\jdk-19\bin\jsvml.dll
0x00007ff94a680000 - 0x00007ff94ae79000 	C:\WINDOWS\System32\SHELL32.dll
0x00007ff947660000 - 0x00007ff947f2e000 	C:\WINDOWS\SYSTEM32\windows.storage.dll
0x00007ff947520000 - 0x00007ff94765e000 	C:\WINDOWS\SYSTEM32\wintypes.dll
0x00007ff94a110000 - 0x00007ff94a201000 	C:\WINDOWS\System32\SHCORE.dll
0x00007ff94a470000 - 0x00007ff94a4ce000 	C:\WINDOWS\System32\shlwapi.dll
0x00007ff9495e0000 - 0x00007ff949606000 	C:\WINDOWS\SYSTEM32\profapi.dll
0x00007ff92f0c0000 - 0x00007ff92f0d8000 	C:\Program Files\Java\jdk-19\bin\zip.dll
0x00007ff92f100000 - 0x00007ff92f113000 	C:\Program Files\Java\jdk-19\bin\net.dll
0x00007ff941f40000 - 0x00007ff942077000 	C:\WINDOWS\SYSTEM32\WINHTTP.dll
0x00007ff948c10000 - 0x00007ff948c79000 	C:\WINDOWS\system32\mswsock.dll
0x00007ff92f0e0000 - 0x00007ff92f0f6000 	C:\Program Files\Java\jdk-19\bin\nio.dll
0x00007ff909eb0000 - 0x00007ff909eca000 	C:\Program Files\JetBrains\IntelliJ IDEA Community Edition 2023.2.4\bin\breakgen64.dll
0x00007ff9317a0000 - 0x00007ff9317a8000 	C:\Program Files\Java\jdk-19\bin\extnet.dll
0x00007ff948e30000 - 0x00007ff948e4b000 	C:\WINDOWS\SYSTEM32\CRYPTSP.dll
0x00007ff948710000 - 0x00007ff948745000 	C:\WINDOWS\system32\rsaenh.dll
0x00007ff948cc0000 - 0x00007ff948cec000 	C:\WINDOWS\SYSTEM32\USERENV.dll
0x00007ff949060000 - 0x00007ff949088000 	C:\WINDOWS\SYSTEM32\bcrypt.dll
0x00007ff948e20000 - 0x00007ff948e2c000 	C:\WINDOWS\SYSTEM32\CRYPTBASE.dll
0x00007ff948200000 - 0x00007ff94822d000 	C:\WINDOWS\SYSTEM32\IPHLPAPI.DLL
0x00007ff94b330000 - 0x00007ff94b339000 	C:\WINDOWS\System32\NSI.dll
0x00007ff942340000 - 0x00007ff942359000 	C:\WINDOWS\SYSTEM32\dhcpcsvc6.DLL
0x00007ff941e50000 - 0x00007ff941e6f000 	C:\WINDOWS\SYSTEM32\dhcpcsvc.DLL
0x00007ff948270000 - 0x00007ff948363000 	C:\WINDOWS\SYSTEM32\DNSAPI.dll
0x00007ff9260b0000 - 0x00007ff9260be000 	C:\Program Files\Java\jdk-19\bin\sunmscapi.dll
0x00007ff9496b0000 - 0x00007ff949817000 	C:\WINDOWS\System32\CRYPT32.dll
0x00007ff949030000 - 0x00007ff94905e000 	C:\WINDOWS\SYSTEM32\ncrypt.dll
0x00007ff948ff0000 - 0x00007ff949027000 	C:\WINDOWS\SYSTEM32\NTASN1.dll
0x00007ff9260a0000 - 0x00007ff9260aa000 	C:\Program Files\Java\jdk-19\bin\management.dll
0x00007ff926090000 - 0x00007ff92609b000 	C:\Program Files\Java\jdk-19\bin\management_ext.dll
0x00007ff94aed0000 - 0x00007ff94aed8000 	C:\WINDOWS\System32\PSAPI.DLL

dbghelp: loaded successfully - version: 4.0.5 - missing functions: none
symbol engine: initialized successfully - sym options: 0x614 - pdb path: .;C:\Program Files\Java\jdk-19\bin;C:\WINDOWS\SYSTEM32;C:\WINDOWS\WinSxS\amd64_microsoft.windows.common-controls_6595b64144ccf1df_6.0.22621.1635_none_270f70857386168e;C:\Program Files\Java\jdk-19\bin\server;C:\Program Files\JetBrains\IntelliJ IDEA Community Edition 2023.2.4\bin

VM Arguments:
jvm_args: -javaagent:C:\Program Files\JetBrains\IntelliJ IDEA Community Edition 2023.2.4\lib\idea_rt.jar=50869:C:\Program Files\JetBrains\IntelliJ IDEA Community Edition 2023.2.4\bin -Dfile.encoding=UTF-8 -Dsun.stdout.encoding=UTF-8 -Dsun.stderr.encoding=UTF-8 
java_command: com.projectcnw.salesmanagement.SalesManagementApplication
java_class_path (initial): D:\20231\CNWeb\cnweb_prj\ProjectCongNgheWeb\backend\target\classes;C:\Users\leduc\.m2\repository\org\springframework\boot\spring-boot-starter-data-jpa\3.1.3\spring-boot-starter-data-jpa-3.1.3.jar;C:\Users\leduc\.m2\repository\org\springframework\boot\spring-boot-starter-aop\3.1.3\spring-boot-starter-aop-3.1.3.jar;C:\Users\leduc\.m2\repository\org\aspectj\aspectjweaver\1.9.20\aspectjweaver-1.9.20.jar;C:\Users\leduc\.m2\repository\org\springframework\boot\spring-boot-starter-jdbc\3.1.3\spring-boot-starter-jdbc-3.1.3.jar;C:\Users\leduc\.m2\repository\com\zaxxer\HikariCP\5.0.1\HikariCP-5.0.1.jar;C:\Users\leduc\.m2\repository\org\springframework\spring-jdbc\6.0.11\spring-jdbc-6.0.11.jar;C:\Users\leduc\.m2\repository\org\hibernate\orm\hibernate-core\6.2.7.Final\hibernate-core-6.2.7.Final.jar;C:\Users\leduc\.m2\repository\jakarta\persistence\jakarta.persistence-api\3.1.0\jakarta.persistence-api-3.1.0.jar;C:\Users\leduc\.m2\repository\jakarta\transaction\jakarta.transaction-api\2.0.1\jakarta.transaction-api-2.0.1.jar;C:\Users\leduc\.m2\repository\org\jboss\logging\jboss-logging\3.5.3.Final\jboss-logging-3.5.3.Final.jar;C:\Users\leduc\.m2\repository\org\hibernate\common\hibernate-commons-annotations\6.0.6.Final\hibernate-commons-annotations-6.0.6.Final.jar;C:\Users\leduc\.m2\repository\io\smallrye\jandex\3.0.5\jandex-3.0.5.jar;C:\Users\leduc\.m2\repository\com\fasterxml\classmate\1.5.1\classmate-1.5.1.jar;C:\Users\leduc\.m2\repository\net\bytebuddy\byte-buddy\1.14.6\byte-buddy-1.14.6.jar;C:\Users\leduc\.m2\repository\org\glassfish\jaxb\jaxb-runtime\4.0.3\jaxb-runtime-4.0.3.jar;C:\Users\leduc\.m2\repository\org\glassfish\jaxb\jaxb-core\4.0.3\jaxb-core-4.0.3.jar;C:\Users\leduc\.m2\repository\org\eclipse\angus\angus-activation\2.0.1\angus-activation-2.0.1.jar;C:\Users\leduc\.m2\repository\org\glassfish\jaxb\txw2\4.0.3\txw2-4.0.3.jar;C:\Users\leduc\.m2\repository\com\sun\istack\istack-commons-runtime\4.1.2\istack-commons-runtime-4.1.2.jar;C:\Users\leduc\.m2\repository\jakarta\inject\jakarta.inject-api\2.0.1\jakarta.inject-api-2.0.1.jar;C:\Users\leduc\.m2\repository\org\antlr\antlr4-runtime\4.10.1\antlr4-runtime-4.10.1.jar;C:\Users\leduc\.m2\repository\org\springframework\data\spring-data-jpa\3.1.3\spring-data-jpa-3.1.3.jar;C:\Users\leduc\.m2\repository\org\springframework\data\spring-data-commons\3.1.3\spring-data-commons-3.1.3.jar;C:\Users\leduc\.m2\repository\org\springframework\spring-orm\6.0.11\spring-orm-6.0.11.jar;C:\Users\leduc\.m2\repository\org\springframework\spring-context\6.0.11\spring-context-6.0.11.jar;C:\Users\leduc\.m2\repository\org\springframework\spring-tx\6.0.11\spring-tx-6.0.11.jar;C:\Users\leduc\.m2\repository\org\springframework\spring-beans\6.0.11\spring-beans-6.0.11.jar;C:\Users\leduc\.m2\repository\jakarta\annotation\jakarta.annotation-api\2.1.1\jakarta.annotation-api-2.1.1.jar;C:\Users\leduc\.m2\repository\org\springframework\spring-aspects\6.0.11\spring-aspects-6.0.11.jar;C:\Users\leduc\.m2\repository\org\springframework\boot\spring-boot-starter-web\3.1.3\spring-boot-starter-web-3.1.3.jar;C:\Users\leduc\.m2\repository\org\springframework\boot\spring-boot-starter\3.1.3\spring-boot-starter-3.1.3.jar;C:\Users\leduc\.m2\repository\org\springframework\boot\spring-boot\3.1.3\spring-boot-3.1.3.jar;C:\Users\leduc\.m2\repository\org\springframework\boot\spring-boot-autoconfigure\3.1.3\spring-boot-autoconfigure-3.1.3.jar;C:\Users\leduc\.m2\repository\org\springframework\boot\spring-boot-starter-logging\3.1.3\spring-boot-starter-logging-3.1.3.jar;C:\Users\leduc\.m2\repository\ch\qos\logback\logback-classic\1.4.11\logback-classic-1.4.11.jar;C:\Users\leduc\.m2\repository\ch\qos\logback\logback-core\1.4.11\logback-core-1.4.11.jar;C:\Users\leduc\.m2\repository\org\apache\logging\log4j\log4j-to-slf4j\2.20.0\log4j-to-slf4j-2.20.0.jar;C:\Users\leduc\.m2\repository\org\apache\logging\log4j\log4j-api\2.20.0\log4j-api-2.20.0.jar;C:\Users\leduc\.m2\repository\org\slf4j\jul-to-slf4j\2.0.7\jul-to-slf4j-2.0.7.jar;C:\Users\leduc\.m2\repository\org\yaml\snakeyaml\1.33\snakeyaml-1.33.jar;C:\Users\leduc\.m2\repository\org\springframework\boot\spring-boot-starter-json\3.1.3\spring-boot-starter-json-3.1.3.jar;C:\Users\leduc\.m2\repository\com\fasterxml\jackson\datatype\jackson-datatype-jdk8\2.15.2\jackson-datatype-jdk8-2.15.2.jar;C:\Users\leduc\.m2\repository\com\fasterxml\jackson\module\jackson-module-parameter-names\2.15.2\jackson-module-parameter-names-2.15.2.jar;C:\Users\leduc\.m2\repository\org\springframework\boot\spring-boot-starter-tomcat\3.1.3\spring-boot-starter-tomcat-3.1.3.jar;C:\Users\leduc\.m2\repository\org\apache\tomcat\embed\tomcat-embed-core\10.1.12\tomcat-embed-core-10.1.12.jar;C:\Users\leduc\.m2\repository\org\apache\tomcat\embed\tomcat-embed-websocket\10.1.12\tomcat-embed-websocket-10.1.12.jar;C:\Users\leduc\.m2\repository\org\springframework\spring-web\6.0.11\spring-web-6.0.11.jar;C:\Users\leduc\.m2\repository\io\micrometer\micrometer-observation\1.11.3\micrometer-observation-1.11.3.jar;C:\Users\leduc\.m2\repository\io\micrometer\micrometer-commons\1.11.3\micrometer-commons-1.11.3.jar;C:\Users\leduc\.m2\repository\org\springframework\spring-webmvc\6.0.11\spring-webmvc-6.0.11.jar;C:\Users\leduc\.m2\repository\org\springframework\spring-expression\6.0.11\spring-expression-6.0.11.jar;C:\Users\leduc\.m2\repository\org\modelmapper\modelmapper\3.0.0\modelmapper-3.0.0.jar;C:\Users\leduc\.m2\repository\com\mysql\mysql-connector-j\8.0.32\mysql-connector-j-8.0.32.jar;C:\Users\leduc\.m2\repository\org\projectlombok\lombok\1.18.28\lombok-1.18.28.jar;C:\Users\leduc\.m2\repository\jakarta\xml\bind\jakarta.xml.bind-api\4.0.0\jakarta.xml.bind-api-4.0.0.jar;C:\Users\leduc\.m2\repository\jakarta\activation\jakarta.activation-api\2.1.2\jakarta.activation-api-2.1.2.jar;C:\Users\leduc\.m2\repository\org\springframework\spring-core\6.0.11\spring-core-6.0.11.jar;C:\Users\leduc\.m2\repository\org\springframework\spring-jcl\6.0.11\spring-jcl-6.0.11.jar;C:\Users\leduc\.m2\repository\org\springframework\boot\spring-boot-starter-security\3.1.3\spring-boot-starter-security-3.1.3.jar;C:\Users\leduc\.m2\repository\org\springframework\spring-aop\6.0.11\spring-aop-6.0.11.jar;C:\Users\leduc\.m2\repository\org\springframework\security\spring-security-config\6.1.3\spring-security-config-6.1.3.jar;C:\Users\leduc\.m2\repository\org\springframework\security\spring-security-web\6.1.3\spring-security-web-6.1.3.jar;C:\Users\leduc\.m2\repository\org\springframework\security\spring-security-core\6.1.3\spring-security-core-6.1.3.jar;C:\Users\leduc\.m2\repository\org\springframework\security\spring-security-crypto\6.1.3\spring-security-crypto-6.1.3.jar;C:\Users\leduc\.m2\repository\org\springframework\boot\spring-boot-starter-validation\3.1.3\spring-boot-starter-validation-3.1.3.jar;C:\Users\leduc\.m2\repository\org\apache\tomcat\embed\tomcat-embed-el\10.1.12\tomcat-embed-el-10.1.12.jar;C:\Users\leduc\.m2\repository\org\hibernate\validator\hibernate-validator\8.0.1.Final\hibernate-validator-8.0.1.Final.jar;C:\Users\leduc\.m2\repository\jakarta\validation\jakarta.validation-api\3.0.2\jakarta.validation-api-3.0.2.jar;C:\Users\leduc\.m2\repository\org\jetbrains\annotations\24.0.1\annotations-24.0.1.jar;C:\Users\leduc\.m2\repository\io\jsonwebtoken\jjwt-api\0.11.5\jjwt-api-0.11.5.jar;C:\Users\leduc\.m2\repository\io\jsonwebtoken\jjwt-impl\0.11.5\jjwt-impl-0.11.5.jar;C:\Users\leduc\.m2\repository\io\jsonwebtoken\jjwt-jackson\0.11.5\jjwt-jackson-0.11.5.jar;C:\Users\leduc\.m2\repository\com\fasterxml\jackson\core\jackson-databind\2.15.2\jackson-databind-2.15.2.jar;C:\Users\leduc\.m2\repository\com\cloudinary\cloudinary-http44\1.27.0\cloudinary-http44-1.27.0.jar;C:\Users\leduc\.m2\repository\com\cloudinary\cloudinary-core\1.27.0\cloudinary-core-1.27.0.jar;C:\Users\leduc\.m2\repository\org\apache\commons\commons-lang3\3.12.0\commons-lang3-3.12.0.jar;C:\Users\leduc\.m2\repository\org\apache\httpcomponents\httpmime\4.4\httpmime-4.4.jar;C:\Users\leduc\.m2\repository\com\twilio\sdk\twilio\8.8.0\twilio-8.8.0.jar;C:\Users\leduc\.m2\repository\commons-codec\commons-codec\1.15\commons-codec-1.15.jar;C:\Users\leduc\.m2\repository\commons-io\commons-io\2.7\commons-io-2.7.jar;C:\Users\leduc\.m2\repository\org\apache\httpcomponents\httpcore\4.4.16\httpcore-4.4.16.jar;C:\Users\leduc\.m2\repository\com\fasterxml\jackson\core\jackson-core\2.15.2\jackson-core-2.15.2.jar;C:\Users\leduc\.m2\repository\com\fasterxml\jackson\core\jackson-annotations\2.15.2\jackson-annotations-2.15.2.jar;C:\Users\leduc\.m2\repository\com\fasterxml\jackson\datatype\jackson-datatype-jsr310\2.15.2\jackson-datatype-jsr310-2.15.2.jar;C:\Users\leduc\.m2\repository\org\slf4j\slf4j-api\2.0.7\slf4j-api-2.0.7.jar;C:\Users\leduc\.m2\repository\javax\xml\bind\jaxb-api\2.3.1\jaxb-api-2.3.1.jar;C:\Users\leduc\.m2\repository\javax\activation\javax.activation-api\1.2.0\javax.activation-api-1.2.0.jar;C:\Users\leduc\.m2\repository\org\apache\httpcomponents\httpclient\4.5.12\httpclient-4.5.12.jar;C:\Users\leduc\.m2\repository\commons-logging\commons-logging\1.2\commons-logging-1.2.jar
Launcher Type: SUN_STANDARD

[Global flags]
     intx CICompilerCount                          = 4                                         {product} {ergonomic}
     uint ConcGCThreads                            = 3                                         {product} {ergonomic}
     uint G1ConcRefinementThreads                  = 10                                        {product} {ergonomic}
   size_t G1HeapRegionSize                         = 1048576                                   {product} {ergonomic}
    uintx GCDrainStackTargetSize                   = 64                                        {product} {ergonomic}
   size_t InitialHeapSize                          = 132120576                                 {product} {ergonomic}
   size_t MarkStackSize                            = 4194304                                   {product} {ergonomic}
   size_t MaxHeapSize                              = 2101346304                                {product} {ergonomic}
   size_t MaxNewSize                               = 1260388352                                {product} {ergonomic}
   size_t MinHeapDeltaBytes                        = 1048576                                   {product} {ergonomic}
   size_t MinHeapSize                              = 8388608                                   {product} {ergonomic}
    uintx NonNMethodCodeHeapSize                   = 5839372                                {pd product} {ergonomic}
    uintx NonProfiledCodeHeapSize                  = 122909434                              {pd product} {ergonomic}
    uintx ProfiledCodeHeapSize                     = 122909434                              {pd product} {ergonomic}
    uintx ReservedCodeCacheSize                    = 251658240                              {pd product} {ergonomic}
     bool SegmentedCodeCache                       = true                                      {product} {ergonomic}
   size_t SoftMaxHeapSize                          = 2101346304                             {manageable} {ergonomic}
     bool UseCompressedClassPointers               = true                           {product lp64_product} {ergonomic}
     bool UseCompressedOops                        = true                           {product lp64_product} {ergonomic}
     bool UseG1GC                                  = true                                      {product} {ergonomic}
     bool UseLargePagesIndividualAllocation        = false                                  {pd product} {ergonomic}

Logging:
Log output configuration:
 #0: stdout all=warning uptime,level,tags foldmultilines=false
 #1: stderr all=off uptime,level,tags foldmultilines=false

Environment Variables:
JAVA_HOME=C:\Program Files\Java\jdk-19
PATH=C:\Python312\Scripts\;C:\Python312\;C:\Program Files\NVIDIA GPU Computing Toolkit\CUDA\v12.2\bin;C:\Program Files\NVIDIA GPU Computing Toolkit\CUDA\v12.2\libnvvp;C:\Program Files\Common Files\Oracle\Java\javapath;C:\WINDOWS\system32;C:\WINDOWS;C:\WINDOWS\System32\Wbem;C:\WINDOWS\System32\WindowsPowerShell\v1.0\;C:\WINDOWS\System32\OpenSSH\;%M2_HOME%\bin;C:\ProgramData\chocolatey\bin;C:\Program Files\Docker\Docker\resources\bin;C:\Program Files\Git\cmd;D:\Downloads\Git LFS;D:\LAB\M3NSCT5\M3NSCT5\dataset\Git LFS;C:\Program Files\Cloudflare\Cloudflare WARP\;C:\Program Files\NVIDIA Corporation\Nsight Compute 2023.2.2\;C:\Program Files (x86)\NVIDIA Corporation\PhysX\Common;C:\Program Files\NVIDIA Corporation\NVIDIA NvDLISR;C:\xampp\php;C:\composer;D:\Downloads\;C:\Program Files (x86)\GitExtensions\;D:\Downloads\apache-maven-3.8.8-bin\apache-maven-3.8.8\bin;C:\Program Files\dotnet\;C:\Users\leduc\AppData\Local\Programs\Python\Python38\Scripts\;C:\Users\leduc\AppData\Local\Programs\Python\Python38\;C:\Users\leduc\AppData\Local\Programs\Python\Python37\Scripts\;C:\Users\leduc\AppData\Local\Programs\Python\Python37\;C:\Program Files\Common Files\Oracle\Java\javapath;C:\WINDOWS\system32;C:\WINDOWS;C:\WINDOWS\System32\Wbem;C:\WINDOWS\System32\WindowsPowerShell\v1.0\;C:\WINDOWS\System32\OpenSSH\;C:\Program Files\Cloudflare\Cloudflare WARP\;C:\Program Files\Git\cmd;C:\Program Files\Common Files\Oracle\Java\javapath;C:\WINDOWS\system32;C:\WINDOWS;C:\WINDOWS\System32\Wbem;C:\WINDOWS\System32\WindowsPowerShell\v1.0\;C:\WINDOWS\System32\OpenSSH\;C:\Program Files\Cloudflare\Cloudflare WARP\;C:\Program Files\Git\cmd;$env:PATH;$env:JAVA_HOME\bin;$env:HADOOP_HOME\bin;C:\PROGRA~1\Java\JDK-11~1.14/bin;D:\Downloads\hadoop-3.3.5/bin;C:\PROGRA~1\Java\JDK-11~1.14/bin;D:\Downloads+/hadoop-3.3.5/bin;C:\Users\leduc\AppData\Local\Programs\Microsoft VS Code\bin;D:\Downloads+/hadoop-3.3.5\sbin;D:\Downloads\apache-maven-3.9.1\bin;C:\Users\leduc\Downloads\flutter\bin;C:\Users\leduc\AppData\Roaming\Composer\vendor\bin;C:\composer;C:\Users\leduc\AppData\Roaming\npm;C:\Program Files\MySQL\MySQL Server 8.0\bin;C:\Program Files\JetBrains\IntelliJ IDEA 2023.2.4\bin;;C:\Program Files\JetBrains\IntelliJ IDEA Community Edition 2023.2.4\bin;;C:\Program Files\Java\jdk-19\bin;D:\Downloads\apache-maven-3.8.8-bin\apache-maven-3.8.8\bin;
USERNAME=leduc
OS=Windows_NT
PROCESSOR_IDENTIFIER=Intel64 Family 6 Model 165 Stepping 2, GenuineIntel
TMP=C:\Users\leduc\AppData\Local\Temp
TEMP=C:\Users\leduc\AppData\Local\Temp



---------------  S Y S T E M  ---------------

OS:
 Windows 11 , 64 bit Build 22621 (10.0.22621.1928)
OS uptime: 0 days 0:37 hours
Hyper-V role detected

CPU: total 12 (initial active 12) (6 cores per cpu, 2 threads per core) family 6 model 165 stepping 2 microcode 0xe0, cx8, cmov, fxsr, ht, mmx, 3dnowpref, sse, sse2, sse3, ssse3, sse4.1, sse4.2, popcnt, lzcnt, tsc, tscinvbit, avx, avx2, aes, erms, clmul, bmi1, bmi2, adx, fma, vzeroupper, clflush, clflushopt, hv, rdtscp

Memory: 4k page, system-wide physical 8013M (834M free)
TotalPageFile size 11807M (AvailPageFile size 8M)
current process WorkingSet (physical memory assigned to process): 185M, peak: 191M
current process commit charge ("private bytes"): 230M, peak: 288M

vm_info: Java HotSpot(TM) 64-Bit Server VM (19.0.2+7-44) for windows-amd64 JRE (19.0.2+7-44), built on 2022-11-30T18:02:09Z by "mach5one" with MS VC++ 17.1 (VS2022)

END.
